[INFO  - 2016-09-17T12:52:14.125Z] GhostDriver - Main - running on port 47756
[INFO  - 2016-09-17T12:52:14.999Z] Session [8ef862e0-7cd5-11e6-913f-b3b7945c6a9c] - page.settings - {"XSSAuditingEnabled":false,"javascriptCanCloseWindows":true,"javascriptCanOpenWindows":true,"javascriptEnabled":true,"loadImages":true,"localToRemoteUrlAccessEnabled":false,"userAgent":"Mozilla/5.0 (Windows NT 6.2; WOW64) AppleWebKit/538.1 (KHTML, like Gecko) PhantomJS/2.1.1 Safari/538.1","webSecurityEnabled":true}
[INFO  - 2016-09-17T12:52:14.999Z] Session [8ef862e0-7cd5-11e6-913f-b3b7945c6a9c] - page.customHeaders:  - {}
[INFO  - 2016-09-17T12:52:15.000Z] Session [8ef862e0-7cd5-11e6-913f-b3b7945c6a9c] - Session.negotiatedCapabilities - {"browserName":"phantomjs","version":"2.1.1","driverName":"ghostdriver","driverVersion":"1.2.0","platform":"windows-10-32bit","javascriptEnabled":true,"takesScreenshot":true,"handlesAlerts":false,"databaseEnabled":false,"locationContextEnabled":false,"applicationCacheEnabled":false,"browserConnectionEnabled":false,"cssSelectorsEnabled":true,"webStorageEnabled":false,"rotatable":false,"acceptSslCerts":false,"nativeEvents":true,"proxy":{"proxyType":"direct"}}
[INFO  - 2016-09-17T12:52:15.000Z] SessionManagerReqHand - _postNewSessionCommand - New Session Created: 8ef862e0-7cd5-11e6-913f-b3b7945c6a9c
[INFO  - 2016-09-17T12:53:02.422Z] GhostDriver - Main - running on port 37933
[INFO  - 2016-09-17T12:53:03.107Z] Session [aba58ad0-7cd5-11e6-ba77-8d5bc39d4a90] - page.settings - {"XSSAuditingEnabled":false,"javascriptCanCloseWindows":true,"javascriptCanOpenWindows":true,"javascriptEnabled":true,"loadImages":true,"localToRemoteUrlAccessEnabled":false,"userAgent":"Mozilla/5.0 (Windows NT 6.2; WOW64) AppleWebKit/538.1 (KHTML, like Gecko) PhantomJS/2.1.1 Safari/538.1","webSecurityEnabled":true}
[INFO  - 2016-09-17T12:53:03.107Z] Session [aba58ad0-7cd5-11e6-ba77-8d5bc39d4a90] - page.customHeaders:  - {}
[INFO  - 2016-09-17T12:53:03.107Z] Session [aba58ad0-7cd5-11e6-ba77-8d5bc39d4a90] - Session.negotiatedCapabilities - {"browserName":"phantomjs","version":"2.1.1","driverName":"ghostdriver","driverVersion":"1.2.0","platform":"windows-10-32bit","javascriptEnabled":true,"takesScreenshot":true,"handlesAlerts":false,"databaseEnabled":false,"locationContextEnabled":false,"applicationCacheEnabled":false,"browserConnectionEnabled":false,"cssSelectorsEnabled":true,"webStorageEnabled":false,"rotatable":false,"acceptSslCerts":false,"nativeEvents":true,"proxy":{"proxyType":"direct"}}
[INFO  - 2016-09-17T12:53:03.108Z] SessionManagerReqHand - _postNewSessionCommand - New Session Created: aba58ad0-7cd5-11e6-ba77-8d5bc39d4a90
[INFO  - 2016-09-17T12:54:27.053Z] GhostDriver - Main - running on port 1150
[INFO  - 2016-09-17T12:54:27.707Z] Session [de127a50-7cd5-11e6-90a5-6f270e682285] - page.settings - {"XSSAuditingEnabled":false,"javascriptCanCloseWindows":true,"javascriptCanOpenWindows":true,"javascriptEnabled":true,"loadImages":true,"localToRemoteUrlAccessEnabled":false,"userAgent":"Mozilla/5.0 (Windows NT 6.2; WOW64) AppleWebKit/538.1 (KHTML, like Gecko) PhantomJS/2.1.1 Safari/538.1","webSecurityEnabled":true}
[INFO  - 2016-09-17T12:54:27.707Z] Session [de127a50-7cd5-11e6-90a5-6f270e682285] - page.customHeaders:  - {}
[INFO  - 2016-09-17T12:54:27.707Z] Session [de127a50-7cd5-11e6-90a5-6f270e682285] - Session.negotiatedCapabilities - {"browserName":"phantomjs","version":"2.1.1","driverName":"ghostdriver","driverVersion":"1.2.0","platform":"windows-10-32bit","javascriptEnabled":true,"takesScreenshot":true,"handlesAlerts":false,"databaseEnabled":false,"locationContextEnabled":false,"applicationCacheEnabled":false,"browserConnectionEnabled":false,"cssSelectorsEnabled":true,"webStorageEnabled":false,"rotatable":false,"acceptSslCerts":false,"nativeEvents":true,"proxy":{"proxyType":"direct"}}
[INFO  - 2016-09-17T12:54:27.707Z] SessionManagerReqHand - _postNewSessionCommand - New Session Created: de127a50-7cd5-11e6-90a5-6f270e682285
[ERROR - 2016-09-17T12:54:40.499Z] WebElementLocator - _handleLocateCommand - Element(s) NOT Found: GAVE UP. Search Stop Time: 1474116880472
[INFO  - 2016-09-17T12:54:41.125Z] ShutdownReqHand - _handle - About to shutdown
[INFO  - 2016-09-17T13:09:51.049Z] GhostDriver - Main - running on port 4890
[INFO  - 2016-09-17T13:09:52.062Z] Session [0507db80-7cd8-11e6-9200-d5173ec0ea67] - page.settings - {"XSSAuditingEnabled":false,"javascriptCanCloseWindows":true,"javascriptCanOpenWindows":true,"javascriptEnabled":true,"loadImages":true,"localToRemoteUrlAccessEnabled":false,"userAgent":"Mozilla/5.0 (Windows NT 6.2; WOW64) AppleWebKit/538.1 (KHTML, like Gecko) PhantomJS/2.1.1 Safari/538.1","webSecurityEnabled":true}
[INFO  - 2016-09-17T13:09:52.063Z] Session [0507db80-7cd8-11e6-9200-d5173ec0ea67] - page.customHeaders:  - {}
[INFO  - 2016-09-17T13:09:52.063Z] Session [0507db80-7cd8-11e6-9200-d5173ec0ea67] - Session.negotiatedCapabilities - {"browserName":"phantomjs","version":"2.1.1","driverName":"ghostdriver","driverVersion":"1.2.0","platform":"windows-10-32bit","javascriptEnabled":true,"takesScreenshot":true,"handlesAlerts":false,"databaseEnabled":false,"locationContextEnabled":false,"applicationCacheEnabled":false,"browserConnectionEnabled":false,"cssSelectorsEnabled":true,"webStorageEnabled":false,"rotatable":false,"acceptSslCerts":false,"nativeEvents":true,"proxy":{"proxyType":"direct"}}
[INFO  - 2016-09-17T13:09:52.063Z] SessionManagerReqHand - _postNewSessionCommand - New Session Created: 0507db80-7cd8-11e6-9200-d5173ec0ea67
[INFO  - 2016-09-17T13:13:09.496Z] GhostDriver - Main - running on port 46156
[INFO  - 2016-09-17T13:13:21.143Z] GhostDriver - Main - running on port 27290
[INFO  - 2016-09-17T13:13:21.991Z] Session [82287b10-7cd8-11e6-bdf8-63437a776215] - page.settings - {"XSSAuditingEnabled":false,"javascriptCanCloseWindows":true,"javascriptCanOpenWindows":true,"javascriptEnabled":true,"loadImages":true,"localToRemoteUrlAccessEnabled":false,"userAgent":"Mozilla/5.0 (Windows NT 6.2; WOW64) AppleWebKit/538.1 (KHTML, like Gecko) PhantomJS/2.1.1 Safari/538.1","webSecurityEnabled":true}
[INFO  - 2016-09-17T13:13:21.991Z] Session [82287b10-7cd8-11e6-bdf8-63437a776215] - page.customHeaders:  - {}
[INFO  - 2016-09-17T13:13:21.991Z] Session [82287b10-7cd8-11e6-bdf8-63437a776215] - Session.negotiatedCapabilities - {"browserName":"phantomjs","version":"2.1.1","driverName":"ghostdriver","driverVersion":"1.2.0","platform":"windows-10-32bit","javascriptEnabled":true,"takesScreenshot":true,"handlesAlerts":false,"databaseEnabled":false,"locationContextEnabled":false,"applicationCacheEnabled":false,"browserConnectionEnabled":false,"cssSelectorsEnabled":true,"webStorageEnabled":false,"rotatable":false,"acceptSslCerts":false,"nativeEvents":true,"proxy":{"proxyType":"direct"}}
[INFO  - 2016-09-17T13:13:21.991Z] SessionManagerReqHand - _postNewSessionCommand - New Session Created: 82287b10-7cd8-11e6-bdf8-63437a776215
[INFO  - 2016-09-17T13:18:21.150Z] SessionManagerReqHand - _cleanupWindowlessSessions - Asynchronous Sessions clean-up phase starting NOW
[INFO  - 2016-09-17T13:23:21.151Z] SessionManagerReqHand - _cleanupWindowlessSessions - Asynchronous Sessions clean-up phase starting NOW
[INFO  - 2016-09-17T13:28:21.163Z] SessionManagerReqHand - _cleanupWindowlessSessions - Asynchronous Sessions clean-up phase starting NOW
[INFO  - 2016-09-17T13:33:21.170Z] SessionManagerReqHand - _cleanupWindowlessSessions - Asynchronous Sessions clean-up phase starting NOW
[INFO  - 2016-09-17T13:38:21.170Z] SessionManagerReqHand - _cleanupWindowlessSessions - Asynchronous Sessions clean-up phase starting NOW
[INFO  - 2016-09-17T15:08:48.545Z] SessionManagerReqHand - _cleanupWindowlessSessions - Asynchronous Sessions clean-up phase starting NOW
[INFO  - 2016-09-17T15:13:48.551Z] SessionManagerReqHand - _cleanupWindowlessSessions - Asynchronous Sessions clean-up phase starting NOW
[INFO  - 2016-09-17T15:18:48.551Z] SessionManagerReqHand - _cleanupWindowlessSessions - Asynchronous Sessions clean-up phase starting NOW
[INFO  - 2016-09-17T15:23:48.552Z] SessionManagerReqHand - _cleanupWindowlessSessions - Asynchronous Sessions clean-up phase starting NOW
[INFO  - 2016-09-17T15:28:48.554Z] SessionManagerReqHand - _cleanupWindowlessSessions - Asynchronous Sessions clean-up phase starting NOW
and - _cleanupWindowlessSessions - Asynchronous Sessions clean-up phase starting NOW
[INFO  - 2016-09-17T13:23:53.358Z] SessionManagerReqHand - _cleanupWindowlessSessions - Asynchronous Sessions clean-up phase starting NOW
[INFO  - 2016-09-17T13:28:53.358Z] SessionManagerReqHand - _cleanupWindowlessSessions - Asynchronous Sessions clean-up phase starting NOW
[INFO  - 2016-09-17T13:33:53.360Z] SessionManagerReqHand - _cleanupWindowlessSessions - Asynchronous Sessions clean-up phase starting NOW
[INFO  - 2016-09-17T15:08:48.551Z] SessionManagerReqHand - _cleanupWindowlessSessions - Asynchronous Sessions clean-up phase starting NOW
[INFO  - 2016-09-17T15:13:48.551Z] SessionManagerReqHand - _cleanupWindowlessSessions - Asynchronous Sessions clean-up phase starting NOW
[INFO  - 2016-09-17T15:18:48.551Z] SessionManagerReqHand - _cleanupWindowlessSessions - Asynchronous Sessions clean-up phase starting NOW
[INFO  - 2016-09-17T15:23:48.551Z] SessionManagerReqHand - _cleanupWindowlessSessions - Asynchronous Sessions clean-up phase starting NOW
[INFO  - 2016-09-17T15:28:48.552Z] SessionManagerReqHand - _cleanupWindowlessSessions - Asynchronous Sessions clean-up phase starting NOW
[INFO  - 2016-09-17T15:32:56.041Z] GhostDriver - Main - running on port 6864
[INFO  - 2016-09-17T15:32:57.515Z] Session [025bde40-7cec-11e6-93ba-5bab8c55cd06] - page.settings - {"XSSAuditingEnabled":false,"javascriptCanCloseWindows":true,"javascriptCanOpenWindows":true,"javascriptEnabled":true,"loadImages":true,"localToRemoteUrlAccessEnabled":false,"userAgent":"Mozilla/5.0 (Windows NT 6.2; WOW64) AppleWebKit/538.1 (KHTML, like Gecko) PhantomJS/2.1.1 Safari/538.1","webSecurityEnabled":true}
[INFO  - 2016-09-17T15:32:57.516Z] Session [025bde40-7cec-11e6-93ba-5bab8c55cd06] - page.customHeaders:  - {}
[INFO  - 2016-09-17T15:32:57.516Z] Session [025bde40-7cec-11e6-93ba-5bab8c55cd06] - Session.negotiatedCapabilities - {"browserName":"phantomjs","version":"2.1.1","driverName":"ghostdriver","driverVersion":"1.2.0","platform":"windows-10-32bit","javascriptEnabled":true,"takesScreenshot":true,"handlesAlerts":false,"databaseEnabled":false,"locationContextEnabled":false,"applicationCacheEnabled":false,"browserConnectionEnabled":false,"cssSelectorsEnabled":true,"webStorageEnabled":false,"rotatable":false,"acceptSslCerts":false,"nativeEvents":true,"proxy":{"proxyType":"direct"}}
[INFO  - 2016-09-17T15:32:57.516Z] SessionManagerReqHand - _postNewSessionCommand - New Session Created: 025bde40-7cec-11e6-93ba-5bab8c55cd06
[ERROR - 2016-09-17T15:33:09.818Z] WebElementLocator - _handleLocateCommand - Element(s) NOT Found: GAVE UP. Search Stop Time: 1474126389758
[INFO  - 2016-09-17T15:33:10.716Z] ShutdownReqHand - _handle - About to shutdown
[INFO  - 2016-09-17T15:42:21.967Z] GhostDriver - Main - running on port 17769
[INFO  - 2016-09-17T15:42:22.644Z] Session [5333dce0-7ced-11e6-b5d9-d998debdc82d] - page.settings - {"XSSAuditingEnabled":false,"javascriptCanCloseWindows":true,"javascriptCanOpenWindows":true,"javascriptEnabled":true,"loadImages":true,"localToRemoteUrlAccessEnabled":false,"userAgent":"Mozilla/5.0 (Windows NT 6.2; WOW64) AppleWebKit/538.1 (KHTML, like Gecko) PhantomJS/2.1.1 Safari/538.1","webSecurityEnabled":true}
[INFO  - 2016-09-17T15:42:22.644Z] Session [5333dce0-7ced-11e6-b5d9-d998debdc82d] - page.customHeaders:  - {}
[INFO  - 2016-09-17T15:42:22.645Z] Session [5333dce0-7ced-11e6-b5d9-d998debdc82d] - Session.negotiatedCapabilities - {"browserName":"phantomjs","version":"2.1.1","driverName":"ghostdriver","driverVersion":"1.2.0","platform":"windows-10-32bit","javascriptEnabled":true,"takesScreenshot":true,"handlesAlerts":false,"databaseEnabled":false,"locationContextEnabled":false,"applicationCacheEnabled":false,"browserConnectionEnabled":false,"cssSelectorsEnabled":true,"webStorageEnabled":false,"rotatable":false,"acceptSslCerts":false,"nativeEvents":true,"proxy":{"proxyType":"direct"}}
[INFO  - 2016-09-17T15:42:22.645Z] SessionManagerReqHand - _postNewSessionCommand - New Session Created: 5333dce0-7ced-11e6-b5d9-d998debdc82d
[ERROR - 2016-09-17T15:42:35.677Z] WebElementLocator - _handleLocateCommand - Element(s) NOT Found: GAVE UP. Search Stop Time: 1474126955658
[INFO  - 2016-09-17T15:42:36.202Z] ShutdownReqHand - _handle - About to shutdown
[INFO  - 2016-09-17T18:34:11.701Z] GhostDriver - Main - running on port 43672
[INFO  - 2016-09-17T18:34:12.395Z] Session [544b2c60-7d05-11e6-9e7c-a94f33dfd8c6] - page.settings - {"XSSAuditingEnabled":false,"javascriptCanCloseWindows":true,"javascriptCanOpenWindows":true,"javascriptEnabled":true,"loadImages":true,"localToRemoteUrlAccessEnabled":false,"userAgent":"Mozilla/5.0 (Windows NT 6.2; WOW64) AppleWebKit/538.1 (KHTML, like Gecko) PhantomJS/2.1.1 Safari/538.1","webSecurityEnabled":true}
[INFO  - 2016-09-17T18:34:12.395Z] Session [544b2c60-7d05-11e6-9e7c-a94f33dfd8c6] - page.customHeaders:  - {}
[INFO  - 2016-09-17T18:34:12.396Z] Session [544b2c60-7d05-11e6-9e7c-a94f33dfd8c6] - Session.negotiatedCapabilities - {"browserName":"phantomjs","version":"2.1.1","driverName":"ghostdriver","driverVersion":"1.2.0","platform":"windows-10-32bit","javascriptEnabled":true,"takesScreenshot":true,"handlesAlerts":false,"databaseEnabled":false,"locationContextEnabled":false,"applicationCacheEnabled":false,"browserConnectionEnabled":false,"cssSelectorsEnabled":true,"webStorageEnabled":false,"rotatable":false,"acceptSslCerts":false,"nativeEvents":true,"proxy":{"proxyType":"direct"}}
[INFO  - 2016-09-17T18:34:12.396Z] SessionManagerReqHand - _postNewSessionCommand - New Session Created: 544b2c60-7d05-11e6-9e7c-a94f33dfd8c6
[ERROR - 2016-09-17T18:34:25.531Z] WebElementLocator - _handleLocateCommand - Element(s) NOT Found: GAVE UP. Search Stop Time: 1474137265487
[INFO  - 2016-09-17T18:34:25.836Z] ShutdownReqHand - _handle - About to shutdown
[INFO  - 2016-09-18T13:45:56.262Z] GhostDriver - Main - running on port 32609
[INFO  - 2016-09-18T13:45:57.079Z] Session [39e26400-7da6-11e6-a393-ff5bb06dfa73] - page.settings - {"XSSAuditingEnabled":false,"javascriptCanCloseWindows":true,"javascriptCanOpenWindows":true,"javascriptEnabled":true,"loadImages":true,"localToRemoteUrlAccessEnabled":false,"userAgent":"Mozilla/5.0 (Windows NT 6.2; WOW64) AppleWebKit/538.1 (KHTML, like Gecko) PhantomJS/2.1.1 Safari/538.1","webSecurityEnabled":true}
[INFO  - 2016-09-18T13:45:57.079Z] Session [39e26400-7da6-11e6-a393-ff5bb06dfa73] - page.customHeaders:  - {}
[INFO  - 2016-09-18T13:45:57.080Z] Session [39e26400-7da6-11e6-a393-ff5bb06dfa73] - Session.negotiatedCapabilities - {"browserName":"phantomjs","version":"2.1.1","driverName":"ghostdriver","driverVersion":"1.2.0","platform":"windows-10-32bit","javascriptEnabled":true,"takesScreenshot":true,"handlesAlerts":false,"databaseEnabled":false,"locationContextEnabled":false,"applicationCacheEnabled":false,"browserConnectionEnabled":false,"cssSelectorsEnabled":true,"webStorageEnabled":false,"rotatable":false,"acceptSslCerts":false,"nativeEvents":true,"proxy":{"proxyType":"direct"}}
[INFO  - 2016-09-18T13:45:57.081Z] SessionManagerReqHand - _postNewSessionCommand - New Session Created: 39e26400-7da6-11e6-a393-ff5bb06dfa73
[INFO  - 2016-09-18T13:46:22.145Z] GhostDriver - Main - running on port 37253
[INFO  - 2016-09-18T13:46:22.682Z] Session [4927b140-7da6-11e6-9cd3-ddb1c242b26d] - page.settings - {"XSSAuditingEnabled":false,"javascriptCanCloseWindows":true,"javascriptCanOpenWindows":true,"javascriptEnabled":true,"loadImages":true,"localToRemoteUrlAccessEnabled":false,"userAgent":"Mozilla/5.0 (Windows NT 6.2; WOW64) AppleWebKit/538.1 (KHTML, like Gecko) PhantomJS/2.1.1 Safari/538.1","webSecurityEnabled":true}
[INFO  - 2016-09-18T13:46:22.683Z] Session [4927b140-7da6-11e6-9cd3-ddb1c242b26d] - page.customHeaders:  - {}
[INFO  - 2016-09-18T13:46:22.683Z] Session [4927b140-7da6-11e6-9cd3-ddb1c242b26d] - Session.negotiatedCapabilities - {"browserName":"phantomjs","version":"2.1.1","driverName":"ghostdriver","driverVersion":"1.2.0","platform":"windows-10-32bit","javascriptEnabled":true,"takesScreenshot":true,"handlesAlerts":false,"databaseEnabled":false,"locationContextEnabled":false,"applicationCacheEnabled":false,"browserConnectionEnabled":false,"cssSelectorsEnabled":true,"webStorageEnabled":false,"rotatable":false,"acceptSslCerts":false,"nativeEvents":true,"proxy":{"proxyType":"direct"}}
[INFO  - 2016-09-18T13:46:22.683Z] SessionManagerReqHand - _postNewSessionCommand - New Session Created: 4927b140-7da6-11e6-9cd3-ddb1c242b26d
[INFO  - 2016-09-18T13:46:26.173Z] ShutdownReqHand - _handle - About to shutdown
